Partition Merge report for cmos_lcd
Thu Nov 23 16:06:45 2023
Quartus II 64-Bit Version 13.1.0 Build 162 10/23/2013 SJ Full Version


---------------------
; Table of Contents ;
---------------------
  1. Legal Notice
  2. Partition Merge Summary
  3. Partition Merge Netlist Types Used
  4. Partition Merge Partition Statistics
  5. Partition Merge Partition Pin Processing
  6. Partition Merge Resource Usage Summary
  7. Partition Merge RAM Summary
  8. Partition Merge Messages



----------------
; Legal Notice ;
----------------
Copyright (C) 1991-2013 Altera Corporation
Your use of Altera Corporation's design tools, logic functions 
and other software and tools, and its AMPP partner logic 
functions, and any output files from any of the foregoing 
(including device programming or simulation files), and any 
associated documentation or information are expressly subject 
to the terms and conditions of the Altera Program License 
Subscription Agreement, Altera MegaCore Function License 
Agreement, or other applicable license agreement, including, 
without limitation, that your use is for the sole purpose of 
programming logic devices manufactured by Altera and sold by 
Altera or its authorized distributors.  Please refer to the 
applicable agreement for further details.



+----------------------------------------------------------------------------------+
; Partition Merge Summary                                                          ;
+------------------------------------+---------------------------------------------+
; Partition Merge Status             ; Successful - Thu Nov 23 16:06:45 2023       ;
; Quartus II 64-Bit Version          ; 13.1.0 Build 162 10/23/2013 SJ Full Version ;
; Revision Name                      ; cmos_lcd                                    ;
; Top-level Entity Name              ; cmos_lcd                                    ;
; Family                             ; Cyclone IV E                                ;
; Total logic elements               ; 4,085                                       ;
;     Total combinational functions  ; 3,862                                       ;
;     Dedicated logic registers      ; 908                                         ;
; Total registers                    ; 908                                         ;
; Total pins                         ; 86                                          ;
; Total virtual pins                 ; 0                                           ;
; Total memory bits                  ; 35,960                                      ;
; Embedded Multiplier 9-bit elements ; 0                                           ;
; Total PLLs                         ; 1                                           ;
+------------------------------------+---------------------------------------------+


+-------------------------------------------------------------------------------------------------------------------------------+
; Partition Merge Netlist Types Used                                                                                            ;
+--------------------------------+----------------+-------------------+------------------------+--------------------------------+
; Partition Name                 ; Partition Type ; Netlist Type Used ; Netlist Type Requested ; Partition Contents             ;
+--------------------------------+----------------+-------------------+------------------------+--------------------------------+
; Top                            ; User-created   ; Source File       ; Post-Fit               ;                                ;
; hard_block:auto_generated_inst ; Auto-generated ; Source File       ; Source File            ; hard_block:auto_generated_inst ;
+--------------------------------+----------------+-------------------+------------------------+--------------------------------+


+--------------------------------------------------------------------------------------+
; Partition Merge Partition Statistics                                                 ;
+---------------------------------------------+-------+--------------------------------+
; Statistic                                   ; Top   ; hard_block:auto_generated_inst ;
+---------------------------------------------+-------+--------------------------------+
; Estimated Total logic elements              ; 4085  ; 0                              ;
;                                             ;       ;                                ;
; Total combinational functions               ; 3862  ; 0                              ;
; Logic element usage by number of LUT inputs ;       ;                                ;
;     -- 4 input functions                    ; 1168  ; 0                              ;
;     -- 3 input functions                    ; 1898  ; 0                              ;
;     -- <=2 input functions                  ; 796   ; 0                              ;
;                                             ;       ;                                ;
; Logic elements by mode                      ;       ;                                ;
;     -- normal mode                          ; 2416  ; 0                              ;
;     -- arithmetic mode                      ; 1446  ; 0                              ;
;                                             ;       ;                                ;
; Total registers                             ; 908   ; 0                              ;
;     -- Dedicated logic registers            ; 908   ; 0                              ;
;     -- I/O registers                        ; 0     ; 0                              ;
;                                             ;       ;                                ;
; Virtual pins                                ; 0     ; 0                              ;
; I/O pins                                    ; 86    ; 0                              ;
; Embedded Multiplier 9-bit elements          ; 0     ; 0                              ;
; Total memory bits                           ; 35960 ; 0                              ;
; Total RAM block bits                        ; 0     ; 0                              ;
; PLL                                         ; 0     ; 1                              ;
;                                             ;       ;                                ;
; Connections                                 ;       ;                                ;
;     -- Input Connections                    ; 363   ; 2                              ;
;     -- Registered Input Connections         ; 328   ; 0                              ;
;     -- Output Connections                   ; 35    ; 330                            ;
;     -- Registered Output Connections        ; 0     ; 0                              ;
;                                             ;       ;                                ;
; Internal Connections                        ;       ;                                ;
;     -- Total Connections                    ; 16321 ; 333                            ;
;     -- Registered Connections               ; 6035  ; 0                              ;
;                                             ;       ;                                ;
; External Connections                        ;       ;                                ;
;     -- Top                                  ; 66    ; 332                            ;
;     -- hard_block:auto_generated_inst       ; 332   ; 0                              ;
;                                             ;       ;                                ;
; Partition Interface                         ;       ;                                ;
;     -- Input Ports                          ; 18    ; 2                              ;
;     -- Output Ports                         ; 35    ; 4                              ;
;     -- Bidir Ports                          ; 33    ; 0                              ;
;                                             ;       ;                                ;
; Registered Ports                            ;       ;                                ;
;     -- Registered Input Ports               ; 0     ; 0                              ;
;     -- Registered Output Ports              ; 0     ; 0                              ;
;                                             ;       ;                                ;
; Port Connectivity                           ;       ;                                ;
;     -- Input Ports driven by GND            ; 0     ; 0                              ;
;     -- Output Ports driven by GND           ; 0     ; 0                              ;
;     -- Input Ports driven by VCC            ; 0     ; 0                              ;
;     -- Output Ports driven by VCC           ; 0     ; 0                              ;
;     -- Input Ports with no Source           ; 0     ; 0                              ;
;     -- Output Ports with no Source          ; 0     ; 0                              ;
;     -- Input Ports with no Fanout           ; 0     ; 0                              ;
;     -- Output Ports with no Fanout          ; 0     ; 0                              ;
+---------------------------------------------+-------+--------------------------------+
Note: Resource usage numbers presented for Partitions containing post-synthesis logic are estimates.  For Partitions containing post-fit logic, resource usage numbers are accurate based on previous placement information.  Actual Fitter results may vary depending on current Fitter Preservation Level assignments.


+------------------------------------------------------------------------------------------------------------------+
; Partition Merge Partition Pin Processing                                                                         ;
+------------------------------+-----------+---------------+----------+--------------------------------------------+
; Name                         ; Partition ; Type          ; Location ; Status                                     ;
+------------------------------+-----------+---------------+----------+--------------------------------------------+
; cam_data[0]                  ; Top       ; Input Port    ; n/a      ;                                            ;
;     -- cam_data[0]           ; Top       ; Input Pad     ; Unplaced ; Synthesized                                ;
;     -- cam_data[0]~input     ; Top       ; Input Buffer  ; Unplaced ; Synthesized                                ;
;                              ;           ;               ;          ;                                            ;
; cam_data[1]                  ; Top       ; Input Port    ; n/a      ;                                            ;
;     -- cam_data[1]           ; Top       ; Input Pad     ; Unplaced ; Synthesized                                ;
;     -- cam_data[1]~input     ; Top       ; Input Buffer  ; Unplaced ; Synthesized                                ;
;                              ;           ;               ;          ;                                            ;
; cam_data[2]                  ; Top       ; Input Port    ; n/a      ;                                            ;
;     -- cam_data[2]           ; Top       ; Input Pad     ; Unplaced ; Synthesized                                ;
;     -- cam_data[2]~input     ; Top       ; Input Buffer  ; Unplaced ; Synthesized                                ;
;                              ;           ;               ;          ;                                            ;
; cam_data[3]                  ; Top       ; Input Port    ; n/a      ;                                            ;
;     -- cam_data[3]           ; Top       ; Input Pad     ; Unplaced ; Synthesized                                ;
;     -- cam_data[3]~input     ; Top       ; Input Buffer  ; Unplaced ; Synthesized                                ;
;                              ;           ;               ;          ;                                            ;
; cam_data[4]                  ; Top       ; Input Port    ; n/a      ;                                            ;
;     -- cam_data[4]           ; Top       ; Input Pad     ; Unplaced ; Synthesized                                ;
;     -- cam_data[4]~input     ; Top       ; Input Buffer  ; Unplaced ; Synthesized                                ;
;                              ;           ;               ;          ;                                            ;
; cam_data[5]                  ; Top       ; Input Port    ; n/a      ;                                            ;
;     -- cam_data[5]           ; Top       ; Input Pad     ; Unplaced ; Synthesized                                ;
;     -- cam_data[5]~input     ; Top       ; Input Buffer  ; Unplaced ; Synthesized                                ;
;                              ;           ;               ;          ;                                            ;
; cam_data[6]                  ; Top       ; Input Port    ; n/a      ;                                            ;
;     -- cam_data[6]           ; Top       ; Input Pad     ; Unplaced ; Synthesized                                ;
;     -- cam_data[6]~input     ; Top       ; Input Buffer  ; Unplaced ; Synthesized                                ;
;                              ;           ;               ;          ;                                            ;
; cam_data[7]                  ; Top       ; Input Port    ; n/a      ;                                            ;
;     -- cam_data[7]           ; Top       ; Input Pad     ; Unplaced ; Synthesized                                ;
;     -- cam_data[7]~input     ; Top       ; Input Buffer  ; Unplaced ; Synthesized                                ;
;                              ;           ;               ;          ;                                            ;
; cam_href                     ; Top       ; Input Port    ; n/a      ;                                            ;
;     -- cam_href              ; Top       ; Input Pad     ; Unplaced ; Synthesized                                ;
;     -- cam_href~input        ; Top       ; Input Buffer  ; Unplaced ; Synthesized                                ;
;                              ;           ;               ;          ;                                            ;
; cam_pclk                     ; Top       ; Input Port    ; n/a      ;                                            ;
;     -- cam_pclk              ; Top       ; Input Pad     ; Unplaced ; Synthesized                                ;
;     -- cam_pclk~input        ; Top       ; Input Buffer  ; Unplaced ; Synthesized                                ;
;                              ;           ;               ;          ;                                            ;
; cam_pwdn                     ; Top       ; Output Port   ; n/a      ;                                            ;
;     -- cam_pwdn              ; Top       ; Output Pad    ; Unplaced ; Synthesized                                ;
;     -- cam_pwdn~output       ; Top       ; Output Buffer ; Unplaced ; Synthesized                                ;
;                              ;           ;               ;          ;                                            ;
; cam_rst_n                    ; Top       ; Output Port   ; n/a      ;                                            ;
;     -- cam_rst_n             ; Top       ; Output Pad    ; Unplaced ; Synthesized                                ;
;     -- cam_rst_n~output      ; Top       ; Output Buffer ; Unplaced ; Synthesized                                ;
;                              ;           ;               ;          ;                                            ;
; cam_scl                      ; Top       ; Output Port   ; n/a      ;                                            ;
;     -- cam_scl               ; Top       ; Output Pad    ; Unplaced ; Synthesized                                ;
;     -- cam_scl~output        ; Top       ; Output Buffer ; Unplaced ; Synthesized                                ;
;                              ;           ;               ;          ;                                            ;
; cam_sda                      ; Top       ; Bidir Port    ; n/a      ;                                            ;
;     -- cam_sda               ; Top       ; Bidir Pad     ; Unplaced ; Synthesized                                ;
;     -- cam_sda~output        ; Top       ; Output Buffer ; Unplaced ; Preserved from Synthesis Netlist (WYSIWYG) ;
;                              ;           ;               ;          ;                                            ;
; cam_vsync                    ; Top       ; Input Port    ; n/a      ;                                            ;
;     -- cam_vsync             ; Top       ; Input Pad     ; Unplaced ; Synthesized                                ;
;     -- cam_vsync~input       ; Top       ; Input Buffer  ; Unplaced ; Synthesized                                ;
;                              ;           ;               ;          ;                                            ;
; key_i[0]                     ; Top       ; Input Port    ; n/a      ;                                            ;
;     -- key_i[0]              ; Top       ; Input Pad     ; Unplaced ; Synthesized                                ;
;     -- key_i[0]~input        ; Top       ; Input Buffer  ; Unplaced ; Synthesized                                ;
;                              ;           ;               ;          ;                                            ;
; key_i[1]                     ; Top       ; Input Port    ; n/a      ;                                            ;
;     -- key_i[1]              ; Top       ; Input Pad     ; Unplaced ; Synthesized                                ;
;     -- key_i[1]~input        ; Top       ; Input Buffer  ; Unplaced ; Synthesized                                ;
;                              ;           ;               ;          ;                                            ;
; key_i[2]                     ; Top       ; Input Port    ; n/a      ;                                            ;
;     -- key_i[2]              ; Top       ; Input Pad     ; Unplaced ; Synthesized                                ;
;     -- key_i[2]~input        ; Top       ; Input Buffer  ; Unplaced ; Synthesized                                ;
;                              ;           ;               ;          ;                                            ;
; key_i[3]                     ; Top       ; Input Port    ; n/a      ;                                            ;
;     -- key_i[3]              ; Top       ; Input Pad     ; Unplaced ; Synthesized                                ;
;     -- key_i[3]~input        ; Top       ; Input Buffer  ; Unplaced ; Synthesized                                ;
;                              ;           ;               ;          ;                                            ;
; lcd_bl                       ; Top       ; Output Port   ; n/a      ;                                            ;
;     -- lcd_bl                ; Top       ; Output Pad    ; Unplaced ; Synthesized                                ;
;     -- lcd_bl~output         ; Top       ; Output Buffer ; Unplaced ; Synthesized                                ;
;                              ;           ;               ;          ;                                            ;
; lcd_de                       ; Top       ; Output Port   ; n/a      ;                                            ;
;     -- lcd_de                ; Top       ; Output Pad    ; Unplaced ; Synthesized                                ;
;     -- lcd_de~output         ; Top       ; Output Buffer ; Unplaced ; Synthesized                                ;
;                              ;           ;               ;          ;                                            ;
; lcd_hs                       ; Top       ; Output Port   ; n/a      ;                                            ;
;     -- lcd_hs                ; Top       ; Output Pad    ; Unplaced ; Synthesized                                ;
;     -- lcd_hs~output         ; Top       ; Output Buffer ; Unplaced ; Synthesized                                ;
;                              ;           ;               ;          ;                                            ;
; lcd_pclk                     ; Top       ; Output Port   ; n/a      ;                                            ;
;     -- lcd_pclk              ; Top       ; Output Pad    ; Unplaced ; Synthesized                                ;
;     -- lcd_pclk~output       ; Top       ; Output Buffer ; Unplaced ; Synthesized                                ;
;                              ;           ;               ;          ;                                            ;
; lcd_rgb[0]                   ; Top       ; Bidir Port    ; n/a      ;                                            ;
;     -- lcd_rgb[0]            ; Top       ; Bidir Pad     ; Unplaced ; Synthesized                                ;
;     -- lcd_rgb[0]~output     ; Top       ; Output Buffer ; Unplaced ; Preserved from Synthesis Netlist (WYSIWYG) ;
;                              ;           ;               ;          ;                                            ;
; lcd_rgb[10]                  ; Top       ; Bidir Port    ; n/a      ;                                            ;
;     -- lcd_rgb[10]           ; Top       ; Bidir Pad     ; Unplaced ; Synthesized                                ;
;     -- lcd_rgb[10]~output    ; Top       ; Output Buffer ; Unplaced ; Preserved from Synthesis Netlist (WYSIWYG) ;
;                              ;           ;               ;          ;                                            ;
; lcd_rgb[11]                  ; Top       ; Bidir Port    ; n/a      ;                                            ;
;     -- lcd_rgb[11]           ; Top       ; Bidir Pad     ; Unplaced ; Synthesized                                ;
;     -- lcd_rgb[11]~output    ; Top       ; Output Buffer ; Unplaced ; Preserved from Synthesis Netlist (WYSIWYG) ;
;                              ;           ;               ;          ;                                            ;
; lcd_rgb[12]                  ; Top       ; Bidir Port    ; n/a      ;                                            ;
;     -- lcd_rgb[12]           ; Top       ; Bidir Pad     ; Unplaced ; Synthesized                                ;
;     -- lcd_rgb[12]~output    ; Top       ; Output Buffer ; Unplaced ; Preserved from Synthesis Netlist (WYSIWYG) ;
;                              ;           ;               ;          ;                                            ;
; lcd_rgb[13]                  ; Top       ; Bidir Port    ; n/a      ;                                            ;
;     -- lcd_rgb[13]           ; Top       ; Bidir Pad     ; Unplaced ; Synthesized                                ;
;     -- lcd_rgb[13]~output    ; Top       ; Output Buffer ; Unplaced ; Preserved from Synthesis Netlist (WYSIWYG) ;
;                              ;           ;               ;          ;                                            ;
; lcd_rgb[14]                  ; Top       ; Bidir Port    ; n/a      ;                                            ;
;     -- lcd_rgb[14]           ; Top       ; Bidir Pad     ; Unplaced ; Synthesized                                ;
;     -- lcd_rgb[14]~output    ; Top       ; Output Buffer ; Unplaced ; Preserved from Synthesis Netlist (WYSIWYG) ;
;                              ;           ;               ;          ;                                            ;
; lcd_rgb[15]                  ; Top       ; Bidir Port    ; n/a      ;                                            ;
;     -- lcd_rgb[15]           ; Top       ; Bidir Pad     ; Unplaced ; Synthesized                                ;
;     -- lcd_rgb[15]~output    ; Top       ; Output Buffer ; Unplaced ; Preserved from Synthesis Netlist (WYSIWYG) ;
;                              ;           ;               ;          ;                                            ;
; lcd_rgb[1]                   ; Top       ; Bidir Port    ; n/a      ;                                            ;
;     -- lcd_rgb[1]            ; Top       ; Bidir Pad     ; Unplaced ; Synthesized                                ;
;     -- lcd_rgb[1]~output     ; Top       ; Output Buffer ; Unplaced ; Preserved from Synthesis Netlist (WYSIWYG) ;
;                              ;           ;               ;          ;                                            ;
; lcd_rgb[2]                   ; Top       ; Bidir Port    ; n/a      ;                                            ;
;     -- lcd_rgb[2]            ; Top       ; Bidir Pad     ; Unplaced ; Synthesized                                ;
;     -- lcd_rgb[2]~output     ; Top       ; Output Buffer ; Unplaced ; Preserved from Synthesis Netlist (WYSIWYG) ;
;                              ;           ;               ;          ;                                            ;
; lcd_rgb[3]                   ; Top       ; Bidir Port    ; n/a      ;                                            ;
;     -- lcd_rgb[3]            ; Top       ; Bidir Pad     ; Unplaced ; Synthesized                                ;
;     -- lcd_rgb[3]~output     ; Top       ; Output Buffer ; Unplaced ; Preserved from Synthesis Netlist (WYSIWYG) ;
;                              ;           ;               ;          ;                                            ;
; lcd_rgb[4]                   ; Top       ; Bidir Port    ; n/a      ;                                            ;
;     -- lcd_rgb[4]            ; Top       ; Bidir Pad     ; Unplaced ; Synthesized                                ;
;     -- lcd_rgb[4]~output     ; Top       ; Output Buffer ; Unplaced ; Preserved from Synthesis Netlist (WYSIWYG) ;
;                              ;           ;               ;          ;                                            ;
; lcd_rgb[5]                   ; Top       ; Bidir Port    ; n/a      ;                                            ;
;     -- lcd_rgb[5]            ; Top       ; Bidir Pad     ; Unplaced ; Synthesized                                ;
;     -- lcd_rgb[5]~output     ; Top       ; Output Buffer ; Unplaced ; Preserved from Synthesis Netlist (WYSIWYG) ;
;                              ;           ;               ;          ;                                            ;
; lcd_rgb[6]                   ; Top       ; Bidir Port    ; n/a      ;                                            ;
;     -- lcd_rgb[6]            ; Top       ; Bidir Pad     ; Unplaced ; Synthesized                                ;
;     -- lcd_rgb[6]~output     ; Top       ; Output Buffer ; Unplaced ; Preserved from Synthesis Netlist (WYSIWYG) ;
;                              ;           ;               ;          ;                                            ;
; lcd_rgb[7]                   ; Top       ; Bidir Port    ; n/a      ;                                            ;
;     -- lcd_rgb[7]            ; Top       ; Bidir Pad     ; Unplaced ; Synthesized                                ;
;     -- lcd_rgb[7]~output     ; Top       ; Output Buffer ; Unplaced ; Preserved from Synthesis Netlist (WYSIWYG) ;
;                              ;           ;               ;          ;                                            ;
; lcd_rgb[8]                   ; Top       ; Bidir Port    ; n/a      ;                                            ;
;     -- lcd_rgb[8]            ; Top       ; Bidir Pad     ; Unplaced ; Synthesized                                ;
;     -- lcd_rgb[8]~output     ; Top       ; Output Buffer ; Unplaced ; Preserved from Synthesis Netlist (WYSIWYG) ;
;                              ;           ;               ;          ;                                            ;
; lcd_rgb[9]                   ; Top       ; Bidir Port    ; n/a      ;                                            ;
;     -- lcd_rgb[9]            ; Top       ; Bidir Pad     ; Unplaced ; Synthesized                                ;
;     -- lcd_rgb[9]~output     ; Top       ; Output Buffer ; Unplaced ; Preserved from Synthesis Netlist (WYSIWYG) ;
;                              ;           ;               ;          ;                                            ;
; lcd_rst                      ; Top       ; Output Port   ; n/a      ;                                            ;
;     -- lcd_rst               ; Top       ; Output Pad    ; Unplaced ; Synthesized                                ;
;     -- lcd_rst~output        ; Top       ; Output Buffer ; Unplaced ; Synthesized                                ;
;                              ;           ;               ;          ;                                            ;
; lcd_vs                       ; Top       ; Output Port   ; n/a      ;                                            ;
;     -- lcd_vs                ; Top       ; Output Pad    ; Unplaced ; Synthesized                                ;
;     -- lcd_vs~output         ; Top       ; Output Buffer ; Unplaced ; Synthesized                                ;
;                              ;           ;               ;          ;                                            ;
; rx                           ; Top       ; Input Port    ; n/a      ;                                            ;
;     -- rx                    ; Top       ; Input Pad     ; Unplaced ; Synthesized                                ;
;     -- rx~input              ; Top       ; Input Buffer  ; Unplaced ; Synthesized                                ;
;                              ;           ;               ;          ;                                            ;
; sdram_addr[0]                ; Top       ; Output Port   ; n/a      ;                                            ;
;     -- sdram_addr[0]         ; Top       ; Output Pad    ; Unplaced ; Synthesized                                ;
;     -- sdram_addr[0]~output  ; Top       ; Output Buffer ; Unplaced ; Synthesized                                ;
;                              ;           ;               ;          ;                                            ;
; sdram_addr[10]               ; Top       ; Output Port   ; n/a      ;                                            ;
;     -- sdram_addr[10]        ; Top       ; Output Pad    ; Unplaced ; Synthesized                                ;
;     -- sdram_addr[10]~output ; Top       ; Output Buffer ; Unplaced ; Synthesized                                ;
;                              ;           ;               ;          ;                                            ;
; sdram_addr[11]               ; Top       ; Output Port   ; n/a      ;                                            ;
;     -- sdram_addr[11]        ; Top       ; Output Pad    ; Unplaced ; Synthesized                                ;
;     -- sdram_addr[11]~output ; Top       ; Output Buffer ; Unplaced ; Synthesized                                ;
;                              ;           ;               ;          ;                                            ;
; sdram_addr[12]               ; Top       ; Output Port   ; n/a      ;                                            ;
;     -- sdram_addr[12]        ; Top       ; Output Pad    ; Unplaced ; Synthesized                                ;
;     -- sdram_addr[12]~output ; Top       ; Output Buffer ; Unplaced ; Synthesized                                ;
;                              ;           ;               ;          ;                                            ;
; sdram_addr[1]                ; Top       ; Output Port   ; n/a      ;                                            ;
;     -- sdram_addr[1]         ; Top       ; Output Pad    ; Unplaced ; Synthesized                                ;
;     -- sdram_addr[1]~output  ; Top       ; Output Buffer ; Unplaced ; Synthesized                                ;
;                              ;           ;               ;          ;                                            ;
; sdram_addr[2]                ; Top       ; Output Port   ; n/a      ;                                            ;
;     -- sdram_addr[2]         ; Top       ; Output Pad    ; Unplaced ; Synthesized                                ;
;     -- sdram_addr[2]~output  ; Top       ; Output Buffer ; Unplaced ; Synthesized                                ;
;                              ;           ;               ;          ;                                            ;
; sdram_addr[3]                ; Top       ; Output Port   ; n/a      ;                                            ;
;     -- sdram_addr[3]         ; Top       ; Output Pad    ; Unplaced ; Synthesized                                ;
;     -- sdram_addr[3]~output  ; Top       ; Output Buffer ; Unplaced ; Synthesized                                ;
;                              ;           ;               ;          ;                                            ;
; sdram_addr[4]                ; Top       ; Output Port   ; n/a      ;                                            ;
;     -- sdram_addr[4]         ; Top       ; Output Pad    ; Unplaced ; Synthesized                                ;
;     -- sdram_addr[4]~output  ; Top       ; Output Buffer ; Unplaced ; Synthesized                                ;
;                              ;           ;               ;          ;                                            ;
; sdram_addr[5]                ; Top       ; Output Port   ; n/a      ;                                            ;
;     -- sdram_addr[5]         ; Top       ; Output Pad    ; Unplaced ; Synthesized                                ;
;     -- sdram_addr[5]~output  ; Top       ; Output Buffer ; Unplaced ; Synthesized                                ;
;                              ;           ;               ;          ;                                            ;
; sdram_addr[6]                ; Top       ; Output Port   ; n/a      ;                                            ;
;     -- sdram_addr[6]         ; Top       ; Output Pad    ; Unplaced ; Synthesized                                ;
;     -- sdram_addr[6]~output  ; Top       ; Output Buffer ; Unplaced ; Synthesized                                ;
;                              ;           ;               ;          ;                                            ;
; sdram_addr[7]                ; Top       ; Output Port   ; n/a      ;                                            ;
;     -- sdram_addr[7]         ; Top       ; Output Pad    ; Unplaced ; Synthesized                                ;
;     -- sdram_addr[7]~output  ; Top       ; Output Buffer ; Unplaced ; Synthesized                                ;
;                              ;           ;               ;          ;                                            ;
; sdram_addr[8]                ; Top       ; Output Port   ; n/a      ;                                            ;
;     -- sdram_addr[8]         ; Top       ; Output Pad    ; Unplaced ; Synthesized                                ;
;     -- sdram_addr[8]~output  ; Top       ; Output Buffer ; Unplaced ; Synthesized                                ;
;                              ;           ;               ;          ;                                            ;
; sdram_addr[9]                ; Top       ; Output Port   ; n/a      ;                                            ;
;     -- sdram_addr[9]         ; Top       ; Output Pad    ; Unplaced ; Synthesized                                ;
;     -- sdram_addr[9]~output  ; Top       ; Output Buffer ; Unplaced ; Synthesized                                ;
;                              ;           ;               ;          ;                                            ;
; sdram_ba[0]                  ; Top       ; Output Port   ; n/a      ;                                            ;
;     -- sdram_ba[0]           ; Top       ; Output Pad    ; Unplaced ; Synthesized                                ;
;     -- sdram_ba[0]~output    ; Top       ; Output Buffer ; Unplaced ; Synthesized                                ;
;                              ;           ;               ;          ;                                            ;
; sdram_ba[1]                  ; Top       ; Output Port   ; n/a      ;                                            ;
;     -- sdram_ba[1]           ; Top       ; Output Pad    ; Unplaced ; Synthesized                                ;
;     -- sdram_ba[1]~output    ; Top       ; Output Buffer ; Unplaced ; Synthesized                                ;
;                              ;           ;               ;          ;                                            ;
; sdram_cas_n                  ; Top       ; Output Port   ; n/a      ;                                            ;
;     -- sdram_cas_n           ; Top       ; Output Pad    ; Unplaced ; Synthesized                                ;
;     -- sdram_cas_n~output    ; Top       ; Output Buffer ; Unplaced ; Synthesized                                ;
;                              ;           ;               ;          ;                                            ;
; sdram_cke                    ; Top       ; Output Port   ; n/a      ;                                            ;
;     -- sdram_cke             ; Top       ; Output Pad    ; Unplaced ; Synthesized                                ;
;     -- sdram_cke~output      ; Top       ; Output Buffer ; Unplaced ; Synthesized                                ;
;                              ;           ;               ;          ;                                            ;
; sdram_clk                    ; Top       ; Output Port   ; n/a      ;                                            ;
;     -- sdram_clk             ; Top       ; Output Pad    ; Unplaced ; Synthesized                                ;
;     -- sdram_clk~output      ; Top       ; Output Buffer ; Unplaced ; Synthesized                                ;
;                              ;           ;               ;          ;                                            ;
; sdram_cs_n                   ; Top       ; Output Port   ; n/a      ;                                            ;
;     -- sdram_cs_n            ; Top       ; Output Pad    ; Unplaced ; Synthesized                                ;
;     -- sdram_cs_n~output     ; Top       ; Output Buffer ; Unplaced ; Synthesized                                ;
;                              ;           ;               ;          ;                                            ;
; sdram_data[0]                ; Top       ; Bidir Port    ; n/a      ;                                            ;
;     -- sdram_data[0]         ; Top       ; Bidir Pad     ; Unplaced ; Synthesized                                ;
;     -- sdram_data[0]~output  ; Top       ; Output Buffer ; Unplaced ; Preserved from Synthesis Netlist (WYSIWYG) ;
;                              ;           ;               ;          ;                                            ;
; sdram_data[10]               ; Top       ; Bidir Port    ; n/a      ;                                            ;
;     -- sdram_data[10]        ; Top       ; Bidir Pad     ; Unplaced ; Synthesized                                ;
;     -- sdram_data[10]~output ; Top       ; Output Buffer ; Unplaced ; Preserved from Synthesis Netlist (WYSIWYG) ;
;                              ;           ;               ;          ;                                            ;
; sdram_data[11]               ; Top       ; Bidir Port    ; n/a      ;                                            ;
;     -- sdram_data[11]        ; Top       ; Bidir Pad     ; Unplaced ; Synthesized                                ;
;     -- sdram_data[11]~output ; Top       ; Output Buffer ; Unplaced ; Preserved from Synthesis Netlist (WYSIWYG) ;
;                              ;           ;               ;          ;                                            ;
; sdram_data[12]               ; Top       ; Bidir Port    ; n/a      ;                                            ;
;     -- sdram_data[12]        ; Top       ; Bidir Pad     ; Unplaced ; Synthesized                                ;
;     -- sdram_data[12]~output ; Top       ; Output Buffer ; Unplaced ; Preserved from Synthesis Netlist (WYSIWYG) ;
;                              ;           ;               ;          ;                                            ;
; sdram_data[13]               ; Top       ; Bidir Port    ; n/a      ;                                            ;
;     -- sdram_data[13]        ; Top       ; Bidir Pad     ; Unplaced ; Synthesized                                ;
;     -- sdram_data[13]~output ; Top       ; Output Buffer ; Unplaced ; Preserved from Synthesis Netlist (WYSIWYG) ;
;                              ;           ;               ;          ;                                            ;
; sdram_data[14]               ; Top       ; Bidir Port    ; n/a      ;                                            ;
;     -- sdram_data[14]        ; Top       ; Bidir Pad     ; Unplaced ; Synthesized                                ;
;     -- sdram_data[14]~output ; Top       ; Output Buffer ; Unplaced ; Preserved from Synthesis Netlist (WYSIWYG) ;
;                              ;           ;               ;          ;                                            ;
; sdram_data[15]               ; Top       ; Bidir Port    ; n/a      ;                                            ;
;     -- sdram_data[15]        ; Top       ; Bidir Pad     ; Unplaced ; Synthesized                                ;
;     -- sdram_data[15]~output ; Top       ; Output Buffer ; Unplaced ; Preserved from Synthesis Netlist (WYSIWYG) ;
;                              ;           ;               ;          ;                                            ;
; sdram_data[1]                ; Top       ; Bidir Port    ; n/a      ;                                            ;
;     -- sdram_data[1]         ; Top       ; Bidir Pad     ; Unplaced ; Synthesized                                ;
;     -- sdram_data[1]~output  ; Top       ; Output Buffer ; Unplaced ; Preserved from Synthesis Netlist (WYSIWYG) ;
;                              ;           ;               ;          ;                                            ;
; sdram_data[2]                ; Top       ; Bidir Port    ; n/a      ;                                            ;
;     -- sdram_data[2]         ; Top       ; Bidir Pad     ; Unplaced ; Synthesized                                ;
;     -- sdram_data[2]~output  ; Top       ; Output Buffer ; Unplaced ; Preserved from Synthesis Netlist (WYSIWYG) ;
;                              ;           ;               ;          ;                                            ;
; sdram_data[3]                ; Top       ; Bidir Port    ; n/a      ;                                            ;
;     -- sdram_data[3]         ; Top       ; Bidir Pad     ; Unplaced ; Synthesized                                ;
;     -- sdram_data[3]~output  ; Top       ; Output Buffer ; Unplaced ; Preserved from Synthesis Netlist (WYSIWYG) ;
;                              ;           ;               ;          ;                                            ;
; sdram_data[4]                ; Top       ; Bidir Port    ; n/a      ;                                            ;
;     -- sdram_data[4]         ; Top       ; Bidir Pad     ; Unplaced ; Synthesized                                ;
;     -- sdram_data[4]~output  ; Top       ; Output Buffer ; Unplaced ; Preserved from Synthesis Netlist (WYSIWYG) ;
;                              ;           ;               ;          ;                                            ;
; sdram_data[5]                ; Top       ; Bidir Port    ; n/a      ;                                            ;
;     -- sdram_data[5]         ; Top       ; Bidir Pad     ; Unplaced ; Synthesized                                ;
;     -- sdram_data[5]~output  ; Top       ; Output Buffer ; Unplaced ; Preserved from Synthesis Netlist (WYSIWYG) ;
;                              ;           ;               ;          ;                                            ;
; sdram_data[6]                ; Top       ; Bidir Port    ; n/a      ;                                            ;
;     -- sdram_data[6]         ; Top       ; Bidir Pad     ; Unplaced ; Synthesized                                ;
;     -- sdram_data[6]~output  ; Top       ; Output Buffer ; Unplaced ; Preserved from Synthesis Netlist (WYSIWYG) ;
;                              ;           ;               ;          ;                                            ;
; sdram_data[7]                ; Top       ; Bidir Port    ; n/a      ;                                            ;
;     -- sdram_data[7]         ; Top       ; Bidir Pad     ; Unplaced ; Synthesized                                ;
;     -- sdram_data[7]~output  ; Top       ; Output Buffer ; Unplaced ; Preserved from Synthesis Netlist (WYSIWYG) ;
;                              ;           ;               ;          ;                                            ;
; sdram_data[8]                ; Top       ; Bidir Port    ; n/a      ;                                            ;
;     -- sdram_data[8]         ; Top       ; Bidir Pad     ; Unplaced ; Synthesized                                ;
;     -- sdram_data[8]~output  ; Top       ; Output Buffer ; Unplaced ; Preserved from Synthesis Netlist (WYSIWYG) ;
;                              ;           ;               ;          ;                                            ;
; sdram_data[9]                ; Top       ; Bidir Port    ; n/a      ;                                            ;
;     -- sdram_data[9]         ; Top       ; Bidir Pad     ; Unplaced ; Synthesized                                ;
;     -- sdram_data[9]~output  ; Top       ; Output Buffer ; Unplaced ; Preserved from Synthesis Netlist (WYSIWYG) ;
;                              ;           ;               ;          ;                                            ;
; sdram_dqm[0]                 ; Top       ; Output Port   ; n/a      ;                                            ;
;     -- sdram_dqm[0]          ; Top       ; Output Pad    ; Unplaced ; Synthesized                                ;
;     -- sdram_dqm[0]~output   ; Top       ; Output Buffer ; Unplaced ; Synthesized                                ;
;                              ;           ;               ;          ;                                            ;
; sdram_dqm[1]                 ; Top       ; Output Port   ; n/a      ;                                            ;
;     -- sdram_dqm[1]          ; Top       ; Output Pad    ; Unplaced ; Synthesized                                ;
;     -- sdram_dqm[1]~output   ; Top       ; Output Buffer ; Unplaced ; Synthesized                                ;
;                              ;           ;               ;          ;                                            ;
; sdram_ras_n                  ; Top       ; Output Port   ; n/a      ;                                            ;
;     -- sdram_ras_n           ; Top       ; Output Pad    ; Unplaced ; Synthesized                                ;
;     -- sdram_ras_n~output    ; Top       ; Output Buffer ; Unplaced ; Synthesized                                ;
;                              ;           ;               ;          ;                                            ;
; sdram_we_n                   ; Top       ; Output Port   ; n/a      ;                                            ;
;     -- sdram_we_n            ; Top       ; Output Pad    ; Unplaced ; Synthesized                                ;
;     -- sdram_we_n~output     ; Top       ; Output Buffer ; Unplaced ; Synthesized                                ;
;                              ;           ;               ;          ;                                            ;
; sys_clk                      ; Top       ; Input Port    ; n/a      ;                                            ;
;     -- sys_clk               ; Top       ; Input Pad     ; Unplaced ; Synthesized                                ;
;     -- sys_clk~input         ; Top       ; Input Buffer  ; Unplaced ; Synthesized                                ;
;                              ;           ;               ;          ;                                            ;
; sys_rst_n                    ; Top       ; Input Port    ; n/a      ;                                            ;
;     -- sys_rst_n             ; Top       ; Input Pad     ; Unplaced ; Synthesized                                ;
;     -- sys_rst_n~input       ; Top       ; Input Buffer  ; Unplaced ; Synthesized                                ;
;                              ;           ;               ;          ;                                            ;
; tx                           ; Top       ; Output Port   ; n/a      ;                                            ;
;     -- tx                    ; Top       ; Output Pad    ; Unplaced ; Synthesized                                ;
;     -- tx~output             ; Top       ; Output Buffer ; Unplaced ; Synthesized                                ;
;                              ;           ;               ;          ;                                            ;
; x_pwm                        ; Top       ; Output Port   ; n/a      ;                                            ;
;     -- x_pwm                 ; Top       ; Output Pad    ; Unplaced ; Synthesized                                ;
;     -- x_pwm~output          ; Top       ; Output Buffer ; Unplaced ; Synthesized                                ;
;                              ;           ;               ;          ;                                            ;
; y_pwm                        ; Top       ; Output Port   ; n/a      ;                                            ;
;     -- y_pwm                 ; Top       ; Output Pad    ; Unplaced ; Synthesized                                ;
;     -- y_pwm~output          ; Top       ; Output Buffer ; Unplaced ; Synthesized                                ;
;                              ;           ;               ;          ;                                            ;
+------------------------------+-----------+---------------+----------+--------------------------------------------+


+-------------------------------------------------------+
; Partition Merge Resource Usage Summary                ;
+---------------------------------------------+---------+
; Resource                                    ; Usage   ;
+---------------------------------------------+---------+
; Estimated Total logic elements              ; 4,085   ;
;                                             ;         ;
; Total combinational functions               ; 3862    ;
; Logic element usage by number of LUT inputs ;         ;
;     -- 4 input functions                    ; 1168    ;
;     -- 3 input functions                    ; 1898    ;
;     -- <=2 input functions                  ; 796     ;
;                                             ;         ;
; Logic elements by mode                      ;         ;
;     -- normal mode                          ; 2416    ;
;     -- arithmetic mode                      ; 1446    ;
;                                             ;         ;
; Total registers                             ; 908     ;
;     -- Dedicated logic registers            ; 908     ;
;     -- I/O registers                        ; 0       ;
;                                             ;         ;
; I/O pins                                    ; 86      ;
; Total memory bits                           ; 35960   ;
; Embedded Multiplier 9-bit elements          ; 0       ;
; Total PLLs                                  ; 1       ;
;     -- PLLs                                 ; 1       ;
;                                             ;         ;
; Maximum fan-out node                        ; rst_n~0 ;
; Maximum fan-out                             ; 844     ;
; Total fan-out                               ; 16218   ;
; Average fan-out                             ; 3.24    ;
+---------------------------------------------+---------+


+---------------------------------------------------------------------------------------------------------------------------------------------------------------------------------------------------------------------------------------------------------------------------------------------------------------------------------------+
; Partition Merge RAM Summary                                                                                                                                                                                                                                                                                                           ;
+----------------------------------------------------------------------------------------------------------------------------------------------------------------------------------------------------------------------------------+------+------------------+--------------+--------------+--------------+--------------+-------+------+
; Name                                                                                                                                                                                                                             ; Type ; Mode             ; Port A Depth ; Port A Width ; Port B Depth ; Port B Width ; Size  ; MIF  ;
+----------------------------------------------------------------------------------------------------------------------------------------------------------------------------------------------------------------------------------+------+------------------+--------------+--------------+--------------+--------------+-------+------+
; image_top:image_top_inst|dialate_disp:dialate_disp_inst|matrix_3x3_16bit:matrix_3x3_16bit_inst|shift_ip:shift_ip_inst|altshift_taps:ALTSHIFT_TAPS_component|shift_taps_ksv:auto_generated|altsyncram_3ka1:altsyncram2|ALTSYNCRAM ; M9K  ; Simple Dual Port ; 798          ; 32           ; 798          ; 32           ; 25536 ; None ;
; image_top:image_top_inst|erode_disp:erode_disp_inst|matrix_3x3_16bit:matrix_3x3_16bit_inst|shift_ip:shift_ip_inst|altshift_taps:ALTSHIFT_TAPS_component|shift_taps_ksv:auto_generated|altsyncram_3ka1:altsyncram2|ALTSYNCRAM     ; M9K  ; Simple Dual Port ; 798          ; 32           ; 798          ; 32           ; 25536 ; None ;
; sdram_top:sdram_top_inst|sdram_fifo_ctrl:u_sdram_fifo_ctrl|rdfifo:u_rdfifo|dcfifo:dcfifo_component|dcfifo_aol1:auto_generated|altsyncram_em31:fifo_ram|ALTSYNCRAM                                                                ; AUTO ; Simple Dual Port ; 1024         ; 16           ; 1024         ; 16           ; 16384 ; None ;
; sdram_top:sdram_top_inst|sdram_fifo_ctrl:u_sdram_fifo_ctrl|wrfifo:u_wrfifo|dcfifo:dcfifo_component|dcfifo_nnl1:auto_generated|altsyncram_em31:fifo_ram|ALTSYNCRAM                                                                ; AUTO ; Simple Dual Port ; 1024         ; 16           ; 1024         ; 16           ; 16384 ; None ;
+----------------------------------------------------------------------------------------------------------------------------------------------------------------------------------------------------------------------------------+------+------------------+--------------+--------------+--------------+--------------+-------+------+


+--------------------------+
; Partition Merge Messages ;
+--------------------------+
Info: *******************************************************************
Info: Running Quartus II 64-Bit Partition Merge
    Info: Version 13.1.0 Build 162 10/23/2013 SJ Full Version
    Info: Processing started: Thu Nov 23 16:06:44 2023
Info: Command: quartus_cdb --read_settings_files=off --write_settings_files=off cmos_lcd -c cmos_lcd --merge=on
Warning (35010): Previously generated Fitter netlist for partition "Top" is older than current Synthesis netlist -- using the current Synthesis netlist instead to ensure that the latest source changes are included
    Info (35011): Set the option to Ignore source file changes to force the Quartus II software to always use a previously generated Fitter netlist
Info (35007): Using synthesis netlist for partition "Top"
Info (35002): Resolved and merged 1 partition(s)
Info (16010): Generating hard_block partition "hard_block:auto_generated_inst"
    Info (16011): Adding 1 node(s), including 0 DDIO, 1 PLL, 0 transceiver and 0 LCELL
Warning (15899): PLL "pll:pll_inst|altpll:altpll_component|pll_altpll:auto_generated|pll1" has parameters clk3_multiply_by and clk3_divide_by specified but port CLK[3] is not connected
Warning (21074): Design contains 1 input pin(s) that do not drive logic
    Warning (15610): No output dependent on input pin "rx"
Info (21057): Implemented 4242 device resources after synthesis - the final resource count might be different
    Info (21058): Implemented 18 input pins
    Info (21059): Implemented 35 output pins
    Info (21060): Implemented 33 bidirectional pins
    Info (21061): Implemented 4119 logic cells
    Info (21064): Implemented 36 RAM segments
    Info (21065): Implemented 1 PLLs
Info: Quartus II 64-Bit Partition Merge was successful. 0 errors, 4 warnings
    Info: Peak virtual memory: 4655 megabytes
    Info: Processing ended: Thu Nov 23 16:06:45 2023
    Info: Elapsed time: 00:00:01
    Info: Total CPU time (on all processors): 00:00:01


